mode: atomic
github.com/britannic/blacklist/opts.go:35.44,36.25 1 19
github.com/britannic/blacklist/opts.go:44.2,44.10 1 19
github.com/britannic/blacklist/opts.go:36.25,37.10 1 27
github.com/britannic/blacklist/opts.go:38.71,39.12 1 14
github.com/britannic/blacklist/opts.go:40.11,41.20 1 13
github.com/britannic/blacklist/opts.go:48.49,49.19 1 12
github.com/britannic/blacklist/opts.go:63.2,63.17 1 10
github.com/britannic/blacklist/opts.go:67.2,67.49 1 9
github.com/britannic/blacklist/opts.go:49.19,56.46 2 2
github.com/britannic/blacklist/opts.go:60.3,61.49 2 2
github.com/britannic/blacklist/opts.go:56.46,58.4 1 1
github.com/britannic/blacklist/opts.go:64.28,65.30 1 1
github.com/britannic/blacklist/opts.go:73.22,96.2 4 22
github.com/britannic/blacklist/opts.go:98.39,121.2 1 13
github.com/britannic/blacklist/opts.go:124.26,125.46 1 18
github.com/britannic/blacklist/opts.go:130.2,130.9 1 18
github.com/britannic/blacklist/opts.go:125.46,128.3 2 1
github.com/britannic/blacklist/opts.go:131.15,133.18 2 1
github.com/britannic/blacklist/opts.go:134.15,136.13 2 3
github.com/britannic/blacklist/opts.go:137.15,139.13 2 1
github.com/britannic/blacklist/opts.go:140.15,141.16 1 1
github.com/britannic/blacklist/opts.go:142.18,161.13 2 1
github.com/britannic/blacklist/opts.go:166.43,167.14 1 16
github.com/britannic/blacklist/opts.go:171.2,171.18 1 14
github.com/britannic/blacklist/opts.go:168.28,169.19 1 2
github.com/britannic/blacklist/log.go:25.51,25.77 1 8
github.com/britannic/blacklist/log.go:26.51,26.87 2 1
github.com/britannic/blacklist/log.go:35.24,37.2 1 3
github.com/britannic/blacklist/log.go:40.35,41.20 1 3
github.com/britannic/blacklist/log.go:44.2,44.45 1 1
github.com/britannic/blacklist/log.go:41.20,43.3 1 2
github.com/britannic/blacklist/log.go:48.44,54.16 3 1
github.com/britannic/blacklist/log.go:58.2,62.16 4 1
github.com/britannic/blacklist/log.go:66.2,68.36 2 1
github.com/britannic/blacklist/log.go:54.16,56.3 1 0
github.com/britannic/blacklist/log.go:62.16,64.3 1 0
github.com/britannic/blacklist/log.go:71.78,73.21 2 5
github.com/britannic/blacklist/log.go:77.2,77.12 1 5
github.com/britannic/blacklist/log.go:73.21,76.3 2 4
github.com/britannic/blacklist/log.go:81.54,82.16 1 6
github.com/britannic/blacklist/log.go:102.2,102.12 1 3
github.com/britannic/blacklist/log.go:82.16,89.67 2 3
github.com/britannic/blacklist/log.go:93.3,100.4 1 3
github.com/britannic/blacklist/log.go:89.67,91.4 1 0
github.com/britannic/blacklist/main.go:25.13,39.16 3 6
github.com/britannic/blacklist/main.go:44.2,49.43 5 6
github.com/britannic/blacklist/main.go:55.2,55.17 1 6
github.com/britannic/blacklist/main.go:61.2,63.54 3 6
github.com/britannic/blacklist/main.go:39.16,42.3 2 1
github.com/britannic/blacklist/main.go:49.43,51.3 1 0
github.com/britannic/blacklist/main.go:55.17,56.50 1 6
github.com/britannic/blacklist/main.go:56.50,58.4 1 0
github.com/britannic/blacklist/main.go:67.32,69.35 1 3
github.com/britannic/blacklist/main.go:77.2,77.35 1 3
github.com/britannic/blacklist/main.go:83.2,83.10 1 3
github.com/britannic/blacklist/main.go:69.35,70.18 1 27
github.com/britannic/blacklist/main.go:70.18,72.9 2 2
github.com/britannic/blacklist/main.go:77.35,78.18 1 15
github.com/britannic/blacklist/main.go:78.18,80.9 2 2
github.com/britannic/blacklist/main.go:87.34,89.2 1 2
github.com/britannic/blacklist/main.go:91.41,95.48 4 10
github.com/britannic/blacklist/main.go:102.2,102.15 1 10
github.com/britannic/blacklist/main.go:95.48,97.42 2 1
github.com/britannic/blacklist/main.go:100.3,100.13 1 1
github.com/britannic/blacklist/main.go:97.42,99.4 1 0
github.com/britannic/blacklist/main.go:107.59,108.28 1 9
github.com/britannic/blacklist/main.go:117.2,117.12 1 7
github.com/britannic/blacklist/main.go:108.28,110.17 2 59
github.com/britannic/blacklist/main.go:113.3,113.45 1 58
github.com/britannic/blacklist/main.go:110.17,112.4 1 1
github.com/britannic/blacklist/main.go:113.45,115.4 1 1
github.com/britannic/blacklist/main.go:121.29,122.41 1 7
github.com/britannic/blacklist/main.go:126.2,126.51 1 7
github.com/britannic/blacklist/main.go:122.41,125.3 2 7
github.com/britannic/blacklist/main.go:130.42,131.52 1 8
github.com/britannic/blacklist/main.go:134.2,134.12 1 7
github.com/britannic/blacklist/main.go:131.52,133.3 1 1
