mode: set
github.com/britannic/blacklist/jobs.go:16.80,18.19 1 0
github.com/britannic/blacklist/jobs.go:18.19,24.30 5 0
github.com/britannic/blacklist/jobs.go:27.3,27.47 1 0
github.com/britannic/blacklist/jobs.go:24.30,26.4 1 0
github.com/britannic/blacklist/jobs.go:40.25,43.37 2 0
github.com/britannic/blacklist/jobs.go:59.2,59.6 1 0
github.com/britannic/blacklist/jobs.go:43.37,44.10 1 0
github.com/britannic/blacklist/jobs.go:45.3,49.63 4 0
github.com/britannic/blacklist/jobs.go:52.3,54.10 2 0
github.com/britannic/blacklist/jobs.go:55.3,56.13 1 0
github.com/britannic/blacklist/jobs.go:49.63,51.5 1 0
github.com/britannic/blacklist/jobs.go:59.6,60.10 1 0
github.com/britannic/blacklist/jobs.go:61.3,65.63 4 0
github.com/britannic/blacklist/jobs.go:68.3,70.10 2 0
github.com/britannic/blacklist/jobs.go:71.3,72.10 1 0
github.com/britannic/blacklist/jobs.go:65.63,67.5 1 0
github.com/britannic/blacklist/jobs.go:84.21,87.9 3 0
github.com/britannic/blacklist/jobs.go:98.2,98.72 1 0
github.com/britannic/blacklist/jobs.go:88.2,89.33 1 0
github.com/britannic/blacklist/jobs.go:92.2,94.17 2 0
github.com/britannic/blacklist/jobs.go:89.33,91.4 1 0
github.com/britannic/blacklist/jobs.go:94.17,96.4 1 0
github.com/britannic/blacklist/jobs.go:102.69,103.27 1 0
github.com/britannic/blacklist/jobs.go:108.2,108.13 1 0
github.com/britannic/blacklist/jobs.go:103.27,107.3 2 0
github.com/britannic/blacklist/jobs.go:112.52,113.24 1 0
github.com/britannic/blacklist/jobs.go:117.2,117.20 1 0
github.com/britannic/blacklist/jobs.go:113.24,116.3 1 0
github.com/britannic/blacklist/main.go:26.13,35.16 4 0
github.com/britannic/blacklist/main.go:40.2,42.9 2 0
github.com/britannic/blacklist/main.go:65.2,67.51 2 0
github.com/britannic/blacklist/main.go:88.2,88.16 1 0
github.com/britannic/blacklist/main.go:92.2,92.38 1 0
github.com/britannic/blacklist/main.go:35.16,38.3 2 0
github.com/britannic/blacklist/main.go:43.2,44.15 1 0
github.com/britannic/blacklist/main.go:46.2,48.34 2 0
github.com/britannic/blacklist/main.go:50.2,52.16 2 0
github.com/britannic/blacklist/main.go:54.2,57.13 2 0
github.com/britannic/blacklist/main.go:59.2,61.27 2 0
github.com/britannic/blacklist/main.go:67.51,68.19 1 0
github.com/britannic/blacklist/main.go:69.3,70.4 1 0
github.com/britannic/blacklist/main.go:77.3,78.4 1 0
github.com/britannic/blacklist/main.go:70.4,72.19 2 0
github.com/britannic/blacklist/main.go:75.5,75.11 1 0
github.com/britannic/blacklist/main.go:72.19,74.6 1 0
github.com/britannic/blacklist/main.go:78.4,80.19 2 0
github.com/britannic/blacklist/main.go:83.5,84.18 2 0
github.com/britannic/blacklist/main.go:80.19,82.6 1 0
github.com/britannic/blacklist/main.go:88.16,90.3 1 0
github.com/britannic/blacklist/main.go:92.38,95.58 2 0
github.com/britannic/blacklist/main.go:99.3,101.41 3 0
github.com/britannic/blacklist/main.go:95.58,97.4 1 0
github.com/britannic/blacklist/opts.go:16.31,26.2 7 0
