mode: set
github.com/britannic/blacklist/main.go:18.13,26.27 4 0
github.com/britannic/blacklist/main.go:30.2,55.47 6 0
github.com/britannic/blacklist/main.go:26.27,28.3 1 0
github.com/britannic/blacklist/main.go:59.32,61.35 1 1
github.com/britannic/blacklist/main.go:69.2,69.35 1 1
github.com/britannic/blacklist/main.go:75.2,75.10 1 1
github.com/britannic/blacklist/main.go:61.35,62.18 1 1
github.com/britannic/blacklist/main.go:62.18,64.9 2 1
github.com/britannic/blacklist/main.go:69.35,70.18 1 1
github.com/britannic/blacklist/main.go:70.18,72.9 2 1
github.com/britannic/blacklist/opts.go:31.49,32.14 1 1
github.com/britannic/blacklist/opts.go:38.2,38.12 1 1
github.com/britannic/blacklist/opts.go:33.2,34.18 1 1
github.com/britannic/blacklist/opts.go:35.2,36.18 1 1
github.com/britannic/blacklist/opts.go:41.36,42.46 1 1
github.com/britannic/blacklist/opts.go:46.2,46.10 1 1
github.com/britannic/blacklist/opts.go:42.46,44.3 1 1
github.com/britannic/blacklist/opts.go:50.47,51.16 1 1
github.com/britannic/blacklist/opts.go:57.2,57.10 1 1
github.com/britannic/blacklist/opts.go:52.2,53.23 1 0
github.com/britannic/blacklist/opts.go:54.2,55.40 1 1
github.com/britannic/blacklist/opts.go:61.22,64.23 3 1
github.com/britannic/blacklist/opts.go:69.2,82.3 1 1
github.com/britannic/blacklist/opts.go:64.23,67.3 2 1
github.com/britannic/blacklist/opts.go:85.38,86.24 1 1
github.com/britannic/blacklist/opts.go:92.2,92.9 1 1
github.com/britannic/blacklist/opts.go:86.24,87.46 1 1
github.com/britannic/blacklist/opts.go:87.46,89.4 1 1
github.com/britannic/blacklist/opts.go:93.2,95.8 2 1
github.com/britannic/blacklist/opts.go:97.2,99.8 2 1
