mode: set
github.com/britannic/blacklist/internal/edgeos/config.go:78.47,79.31 1 1
github.com/britannic/blacklist/internal/edgeos/config.go:82.2,82.14 1 1
github.com/britannic/blacklist/internal/edgeos/config.go:79.31,81.3 1 1
github.com/britannic/blacklist/internal/edgeos/config.go:85.47,92.14 2 1
github.com/britannic/blacklist/internal/edgeos/config.go:101.2,101.24 1 1
github.com/britannic/blacklist/internal/edgeos/config.go:105.2,114.10 2 1
github.com/britannic/blacklist/internal/edgeos/config.go:93.15,94.19 1 1
github.com/britannic/blacklist/internal/edgeos/config.go:95.13,96.19 1 1
github.com/britannic/blacklist/internal/edgeos/config.go:97.16,98.19 1 1
github.com/britannic/blacklist/internal/edgeos/config.go:101.24,103.3 1 1
github.com/britannic/blacklist/internal/edgeos/config.go:117.46,124.24 2 1
github.com/britannic/blacklist/internal/edgeos/config.go:128.2,128.14 1 1
github.com/britannic/blacklist/internal/edgeos/config.go:137.2,145.3 1 1
github.com/britannic/blacklist/internal/edgeos/config.go:124.24,126.3 1 1
github.com/britannic/blacklist/internal/edgeos/config.go:129.15,131.29 2 1
github.com/britannic/blacklist/internal/edgeos/config.go:132.13,134.29 2 1
github.com/britannic/blacklist/internal/edgeos/config.go:149.61,156.15 2 1
github.com/britannic/blacklist/internal/edgeos/config.go:178.2,178.15 1 1
github.com/britannic/blacklist/internal/edgeos/config.go:193.2,193.17 1 1
github.com/britannic/blacklist/internal/edgeos/config.go:157.16,158.24 1 1
github.com/britannic/blacklist/internal/edgeos/config.go:159.16,160.22 1 1
github.com/britannic/blacklist/internal/edgeos/config.go:161.16,162.25 1 1
github.com/britannic/blacklist/internal/edgeos/config.go:163.12,164.16 1 1
github.com/britannic/blacklist/internal/edgeos/config.go:172.16,173.50 1 1
github.com/britannic/blacklist/internal/edgeos/config.go:174.10,175.22 1 1
github.com/britannic/blacklist/internal/edgeos/config.go:165.16,167.43 2 1
github.com/britannic/blacklist/internal/edgeos/config.go:168.16,170.43 2 1
github.com/britannic/blacklist/internal/edgeos/config.go:179.15,180.42 1 1
github.com/britannic/blacklist/internal/edgeos/config.go:181.15,182.42 1 1
github.com/britannic/blacklist/internal/edgeos/config.go:183.15,184.42 1 1
github.com/britannic/blacklist/internal/edgeos/config.go:185.15,186.42 1 1
github.com/britannic/blacklist/internal/edgeos/config.go:187.15,188.42 1 1
github.com/britannic/blacklist/internal/edgeos/config.go:189.15,190.42 1 1
github.com/britannic/blacklist/internal/edgeos/config.go:197.49,199.15 2 1
github.com/britannic/blacklist/internal/edgeos/config.go:212.2,213.24 2 1
github.com/britannic/blacklist/internal/edgeos/config.go:217.2,217.29 1 1
github.com/britannic/blacklist/internal/edgeos/config.go:200.11,201.34 1 1
github.com/britannic/blacklist/internal/edgeos/config.go:206.10,207.30 1 1
github.com/britannic/blacklist/internal/edgeos/config.go:201.34,202.31 1 1
github.com/britannic/blacklist/internal/edgeos/config.go:202.31,204.5 1 1
github.com/britannic/blacklist/internal/edgeos/config.go:207.30,209.4 1 1
github.com/britannic/blacklist/internal/edgeos/config.go:213.24,215.3 1 1
github.com/britannic/blacklist/internal/edgeos/config.go:221.44,223.14 2 1
github.com/britannic/blacklist/internal/edgeos/config.go:234.2,234.10 1 1
github.com/britannic/blacklist/internal/edgeos/config.go:224.11,225.37 1 1
github.com/britannic/blacklist/internal/edgeos/config.go:231.10,232.20 1 1
github.com/britannic/blacklist/internal/edgeos/config.go:225.37,226.24 1 1
github.com/britannic/blacklist/internal/edgeos/config.go:229.4,229.21 1 1
github.com/britannic/blacklist/internal/edgeos/config.go:226.24,227.13 1 1
github.com/britannic/blacklist/internal/edgeos/config.go:238.52,241.36 2 1
github.com/britannic/blacklist/internal/edgeos/config.go:247.2,247.10 1 1
github.com/britannic/blacklist/internal/edgeos/config.go:241.36,242.23 1 1
github.com/britannic/blacklist/internal/edgeos/config.go:245.3,245.32 1 1
github.com/britannic/blacklist/internal/edgeos/config.go:242.23,243.12 1 1
github.com/britannic/blacklist/internal/edgeos/config.go:251.35,253.2 1 1
github.com/britannic/blacklist/internal/edgeos/config.go:256.56,264.2 5 1
github.com/britannic/blacklist/internal/edgeos/config.go:267.43,268.24 1 1
github.com/britannic/blacklist/internal/edgeos/config.go:271.2,272.14 2 1
github.com/britannic/blacklist/internal/edgeos/config.go:268.24,270.3 1 1
github.com/britannic/blacklist/internal/edgeos/config.go:276.33,277.15 1 1
github.com/britannic/blacklist/internal/edgeos/config.go:281.2,281.14 1 1
github.com/britannic/blacklist/internal/edgeos/config.go:278.32,279.14 1 1
github.com/britannic/blacklist/internal/edgeos/config.go:284.51,285.22 1 1
github.com/britannic/blacklist/internal/edgeos/config.go:286.17,287.21 1 1
github.com/britannic/blacklist/internal/edgeos/config.go:290.17,291.21 1 1
github.com/britannic/blacklist/internal/edgeos/config.go:287.21,289.4 1 1
github.com/britannic/blacklist/internal/edgeos/config.go:291.21,293.4 1 1
github.com/britannic/blacklist/internal/edgeos/config.go:297.64,298.25 1 1
github.com/britannic/blacklist/internal/edgeos/config.go:299.21,300.27 1 1
github.com/britannic/blacklist/internal/edgeos/config.go:301.17,302.25 1 1
github.com/britannic/blacklist/internal/edgeos/config.go:303.13,306.65 3 1
github.com/britannic/blacklist/internal/edgeos/config.go:307.16,308.29 1 1
github.com/britannic/blacklist/internal/edgeos/config.go:309.12,312.65 3 1
github.com/britannic/blacklist/internal/edgeos/config.go:316.42,317.20 1 1
github.com/britannic/blacklist/internal/edgeos/config.go:317.20,319.3 1 1
github.com/britannic/blacklist/internal/edgeos/config.go:322.58,323.42 1 1
github.com/britannic/blacklist/internal/edgeos/config.go:323.42,326.3 2 1
github.com/britannic/blacklist/internal/edgeos/config.go:329.69,330.20 1 1
github.com/britannic/blacklist/internal/edgeos/config.go:330.20,333.3 2 1
github.com/britannic/blacklist/internal/edgeos/config.go:336.70,337.20 1 1
github.com/britannic/blacklist/internal/edgeos/config.go:337.20,339.3 1 1
github.com/britannic/blacklist/internal/edgeos/config.go:342.81,343.20 1 1
github.com/britannic/blacklist/internal/edgeos/config.go:343.20,345.15 2 1
github.com/britannic/blacklist/internal/edgeos/config.go:345.15,347.4 1 1
github.com/britannic/blacklist/internal/edgeos/config.go:351.38,352.21 1 1
github.com/britannic/blacklist/internal/edgeos/config.go:355.2,355.35 1 1
github.com/britannic/blacklist/internal/edgeos/config.go:352.21,354.3 1 1
github.com/britannic/blacklist/internal/edgeos/config.go:359.46,368.15 2 1
github.com/britannic/blacklist/internal/edgeos/config.go:401.2,401.21 1 1
github.com/britannic/blacklist/internal/edgeos/config.go:405.2,406.12 2 1
github.com/britannic/blacklist/internal/edgeos/config.go:368.15,371.10 2 1
github.com/britannic/blacklist/internal/edgeos/config.go:372.39,374.27 2 1
github.com/britannic/blacklist/internal/edgeos/config.go:375.39,379.22 4 1
github.com/britannic/blacklist/internal/edgeos/config.go:380.39,384.29 4 1
github.com/britannic/blacklist/internal/edgeos/config.go:385.39,386.32 1 1
github.com/britannic/blacklist/internal/edgeos/config.go:387.60,388.33 1 1
github.com/britannic/blacklist/internal/edgeos/config.go:389.39,390.36 1 1
github.com/britannic/blacklist/internal/edgeos/config.go:393.39,394.22 1 1
github.com/britannic/blacklist/internal/edgeos/config.go:394.22,397.5 2 1
github.com/britannic/blacklist/internal/edgeos/config.go:401.21,403.3 1 1
github.com/britannic/blacklist/internal/edgeos/config.go:410.59,414.2 3 1
github.com/britannic/blacklist/internal/edgeos/config.go:417.46,421.2 3 1
github.com/britannic/blacklist/internal/edgeos/config.go:424.32,426.16 2 1
github.com/britannic/blacklist/internal/edgeos/config.go:429.2,431.26 3 1
github.com/britannic/blacklist/internal/edgeos/config.go:426.16,428.3 1 1
github.com/britannic/blacklist/internal/edgeos/config.go:435.54,438.24 3 1
github.com/britannic/blacklist/internal/edgeos/config.go:442.2,443.14 2 1
github.com/britannic/blacklist/internal/edgeos/config.go:438.24,441.3 2 1
github.com/britannic/blacklist/internal/edgeos/config.go:447.38,453.36 5 1
github.com/britannic/blacklist/internal/edgeos/config.go:477.2,478.10 2 1
github.com/britannic/blacklist/internal/edgeos/config.go:453.36,454.17 1 1
github.com/britannic/blacklist/internal/edgeos/config.go:458.3,467.23 7 1
github.com/britannic/blacklist/internal/edgeos/config.go:472.3,474.11 3 1
github.com/britannic/blacklist/internal/edgeos/config.go:454.17,456.4 1 1
github.com/britannic/blacklist/internal/edgeos/config.go:467.23,470.4 2 1
github.com/britannic/blacklist/internal/edgeos/config.go:482.33,485.2 2 1
github.com/britannic/blacklist/internal/edgeos/config.go:488.36,491.2 2 1
github.com/britannic/blacklist/internal/edgeos/config.go:493.46,494.26 1 1
github.com/britannic/blacklist/internal/edgeos/config.go:499.2,499.11 1 1
github.com/britannic/blacklist/internal/edgeos/config.go:494.26,495.32 1 1
github.com/britannic/blacklist/internal/edgeos/config.go:495.32,497.4 1 1
github.com/britannic/blacklist/internal/edgeos/config.go:502.46,503.26 1 1
github.com/britannic/blacklist/internal/edgeos/config.go:511.2,511.19 1 1
github.com/britannic/blacklist/internal/edgeos/config.go:503.26,504.40 1 1
github.com/britannic/blacklist/internal/edgeos/config.go:509.3,509.26 1 1
github.com/britannic/blacklist/internal/edgeos/config.go:504.40,505.18 1 1
github.com/britannic/blacklist/internal/edgeos/config.go:505.18,507.5 1 1
github.com/britannic/blacklist/internal/edgeos/content.go:89.48,90.25 1 1
github.com/britannic/blacklist/internal/edgeos/content.go:95.2,95.11 1 1
github.com/britannic/blacklist/internal/edgeos/content.go:90.25,91.21 1 1
github.com/britannic/blacklist/internal/edgeos/content.go:91.21,93.4 1 1
github.com/britannic/blacklist/internal/edgeos/content.go:99.48,100.25 1 1
github.com/britannic/blacklist/internal/edgeos/content.go:105.2,105.11 1 1
github.com/britannic/blacklist/internal/edgeos/content.go:100.25,101.21 1 1
github.com/britannic/blacklist/internal/edgeos/content.go:101.21,103.4 1 1
github.com/britannic/blacklist/internal/edgeos/content.go:109.48,110.25 1 1
github.com/britannic/blacklist/internal/edgeos/content.go:115.2,115.11 1 1
github.com/britannic/blacklist/internal/edgeos/content.go:110.25,111.21 1 1
github.com/britannic/blacklist/internal/edgeos/content.go:111.21,113.4 1 1
github.com/britannic/blacklist/internal/edgeos/content.go:119.48,120.25 1 1
github.com/britannic/blacklist/internal/edgeos/content.go:125.2,125.11 1 1
github.com/britannic/blacklist/internal/edgeos/content.go:120.25,121.21 1 1
github.com/britannic/blacklist/internal/edgeos/content.go:121.21,123.4 1 1
github.com/britannic/blacklist/internal/edgeos/content.go:129.48,130.25 1 1
github.com/britannic/blacklist/internal/edgeos/content.go:135.2,135.11 1 1
github.com/britannic/blacklist/internal/edgeos/content.go:130.25,131.21 1 1
github.com/britannic/blacklist/internal/edgeos/content.go:131.21,133.4 1 1
github.com/britannic/blacklist/internal/edgeos/content.go:139.48,140.25 1 1
github.com/britannic/blacklist/internal/edgeos/content.go:145.2,145.11 1 1
github.com/britannic/blacklist/internal/edgeos/content.go:140.25,141.21 1 1
github.com/britannic/blacklist/internal/edgeos/content.go:141.21,143.4 1 1
github.com/britannic/blacklist/internal/edgeos/content.go:149.48,150.25 1 1
github.com/britannic/blacklist/internal/edgeos/content.go:155.2,155.11 1 1
github.com/britannic/blacklist/internal/edgeos/content.go:150.25,151.21 1 1
github.com/britannic/blacklist/internal/edgeos/content.go:151.21,153.4 1 1
github.com/britannic/blacklist/internal/edgeos/content.go:159.48,160.25 1 1
github.com/britannic/blacklist/internal/edgeos/content.go:165.2,165.11 1 1
github.com/britannic/blacklist/internal/edgeos/content.go:160.25,161.21 1 1
github.com/britannic/blacklist/internal/edgeos/content.go:161.21,163.4 1 1
github.com/britannic/blacklist/internal/edgeos/content.go:169.45,170.25 1 1
github.com/britannic/blacklist/internal/edgeos/content.go:179.2,179.18 1 1
github.com/britannic/blacklist/internal/edgeos/content.go:170.25,171.18 1 1
github.com/britannic/blacklist/internal/edgeos/content.go:172.16,173.20 1 1
github.com/britannic/blacklist/internal/edgeos/content.go:173.20,176.5 2 1
github.com/britannic/blacklist/internal/edgeos/content.go:183.45,184.25 1 1
github.com/britannic/blacklist/internal/edgeos/content.go:193.2,193.18 1 1
github.com/britannic/blacklist/internal/edgeos/content.go:184.25,185.18 1 1
github.com/britannic/blacklist/internal/edgeos/content.go:186.16,187.20 1 1
github.com/britannic/blacklist/internal/edgeos/content.go:187.20,190.5 2 1
github.com/britannic/blacklist/internal/edgeos/content.go:197.45,198.25 1 1
github.com/britannic/blacklist/internal/edgeos/content.go:207.2,207.18 1 1
github.com/britannic/blacklist/internal/edgeos/content.go:198.25,199.18 1 1
github.com/britannic/blacklist/internal/edgeos/content.go:200.16,201.20 1 1
github.com/britannic/blacklist/internal/edgeos/content.go:201.20,204.5 2 1
github.com/britannic/blacklist/internal/edgeos/content.go:211.45,215.25 3 1
github.com/britannic/blacklist/internal/edgeos/content.go:223.2,223.17 1 1
github.com/britannic/blacklist/internal/edgeos/content.go:228.2,228.18 1 1
github.com/britannic/blacklist/internal/edgeos/content.go:215.25,217.22 2 1
github.com/britannic/blacklist/internal/edgeos/content.go:217.22,220.4 2 1
github.com/britannic/blacklist/internal/edgeos/content.go:223.17,226.3 2 1
github.com/britannic/blacklist/internal/edgeos/content.go:232.45,233.25 1 1
github.com/britannic/blacklist/internal/edgeos/content.go:239.2,239.18 1 1
github.com/britannic/blacklist/internal/edgeos/content.go:233.25,234.42 1 1
github.com/britannic/blacklist/internal/edgeos/content.go:234.42,237.4 2 1
github.com/britannic/blacklist/internal/edgeos/content.go:243.45,244.25 1 1
github.com/britannic/blacklist/internal/edgeos/content.go:250.2,250.18 1 1
github.com/britannic/blacklist/internal/edgeos/content.go:244.25,245.42 1 1
github.com/britannic/blacklist/internal/edgeos/content.go:245.42,248.4 2 1
github.com/britannic/blacklist/internal/edgeos/content.go:254.45,259.25 3 1
github.com/britannic/blacklist/internal/edgeos/content.go:266.2,266.17 1 1
github.com/britannic/blacklist/internal/edgeos/content.go:271.2,271.18 1 1
github.com/britannic/blacklist/internal/edgeos/content.go:259.25,261.22 2 1
github.com/britannic/blacklist/internal/edgeos/content.go:261.22,263.4 1 1
github.com/britannic/blacklist/internal/edgeos/content.go:266.17,269.3 2 1
github.com/britannic/blacklist/internal/edgeos/content.go:275.45,280.25 3 1
github.com/britannic/blacklist/internal/edgeos/content.go:287.2,287.17 1 1
github.com/britannic/blacklist/internal/edgeos/content.go:293.2,293.18 1 1
github.com/britannic/blacklist/internal/edgeos/content.go:280.25,282.22 2 1
github.com/britannic/blacklist/internal/edgeos/content.go:282.22,284.4 1 1
github.com/britannic/blacklist/internal/edgeos/content.go:287.17,291.3 2 1
github.com/britannic/blacklist/internal/edgeos/content.go:297.67,300.23 2 1
github.com/britannic/blacklist/internal/edgeos/content.go:304.2,304.25 1 1
github.com/britannic/blacklist/internal/edgeos/content.go:312.2,312.23 1 1
github.com/britannic/blacklist/internal/edgeos/content.go:318.2,318.33 1 1
github.com/britannic/blacklist/internal/edgeos/content.go:300.23,302.3 1 1
github.com/britannic/blacklist/internal/edgeos/content.go:304.25,305.42 1 1
github.com/britannic/blacklist/internal/edgeos/content.go:305.42,309.4 3 1
github.com/britannic/blacklist/internal/edgeos/content.go:312.23,317.3 3 1
github.com/britannic/blacklist/internal/edgeos/content.go:322.36,322.64 1 1
github.com/britannic/blacklist/internal/edgeos/content.go:325.36,325.64 1 1
github.com/britannic/blacklist/internal/edgeos/content.go:328.36,328.64 1 1
github.com/britannic/blacklist/internal/edgeos/content.go:331.36,331.64 1 1
github.com/britannic/blacklist/internal/edgeos/content.go:334.36,334.64 1 1
github.com/britannic/blacklist/internal/edgeos/content.go:337.36,337.64 1 1
github.com/britannic/blacklist/internal/edgeos/content.go:340.36,340.64 1 1
github.com/britannic/blacklist/internal/edgeos/content.go:343.36,343.64 1 1
github.com/britannic/blacklist/internal/edgeos/content.go:346.35,356.15 2 1
github.com/britannic/blacklist/internal/edgeos/content.go:389.2,389.17 1 1
github.com/britannic/blacklist/internal/edgeos/content.go:394.2,405.17 8 1
github.com/britannic/blacklist/internal/edgeos/content.go:414.2,414.15 1 1
github.com/britannic/blacklist/internal/edgeos/content.go:418.2,422.3 1 1
github.com/britannic/blacklist/internal/edgeos/content.go:356.15,359.10 2 1
github.com/britannic/blacklist/internal/edgeos/content.go:360.116,361.12 1 1
github.com/britannic/blacklist/internal/edgeos/content.go:362.48,365.64 2 1
github.com/britannic/blacklist/internal/edgeos/content.go:384.11,385.12 1 1
github.com/britannic/blacklist/internal/edgeos/content.go:365.64,369.32 2 1
github.com/britannic/blacklist/internal/edgeos/content.go:369.32,371.34 2 1
github.com/britannic/blacklist/internal/edgeos/content.go:375.6,375.32 1 1
github.com/britannic/blacklist/internal/edgeos/content.go:381.6,381.12 1 1
github.com/britannic/blacklist/internal/edgeos/content.go:371.34,373.15 2 1
github.com/britannic/blacklist/internal/edgeos/content.go:375.32,379.15 4 1
github.com/britannic/blacklist/internal/edgeos/content.go:390.30,391.32 1 1
github.com/britannic/blacklist/internal/edgeos/content.go:406.33,407.58 1 1
github.com/britannic/blacklist/internal/edgeos/content.go:408.24,409.56 1 1
github.com/britannic/blacklist/internal/edgeos/content.go:410.10,411.55 1 1
github.com/britannic/blacklist/internal/edgeos/content.go:414.15,416.3 1 1
github.com/britannic/blacklist/internal/edgeos/content.go:426.57,432.18 2 1
github.com/britannic/blacklist/internal/edgeos/content.go:436.2,436.25 1 1
github.com/britannic/blacklist/internal/edgeos/content.go:473.2,473.17 1 1
github.com/britannic/blacklist/internal/edgeos/content.go:477.2,477.12 1 1
github.com/britannic/blacklist/internal/edgeos/content.go:432.18,434.3 1 1
github.com/britannic/blacklist/internal/edgeos/content.go:436.25,443.37 2 1
github.com/britannic/blacklist/internal/edgeos/content.go:464.3,464.17 1 1
github.com/britannic/blacklist/internal/edgeos/content.go:443.37,446.20 2 1
github.com/britannic/blacklist/internal/edgeos/content.go:450.4,450.23 1 1
github.com/britannic/blacklist/internal/edgeos/content.go:456.4,456.18 1 1
github.com/britannic/blacklist/internal/edgeos/content.go:446.20,448.5 1 1
github.com/britannic/blacklist/internal/edgeos/content.go:450.23,454.5 3 1
github.com/britannic/blacklist/internal/edgeos/content.go:456.18,457.39 1 1
github.com/britannic/blacklist/internal/edgeos/content.go:460.5,460.21 1 1
github.com/britannic/blacklist/internal/edgeos/content.go:457.39,459.6 1 1
github.com/britannic/blacklist/internal/edgeos/content.go:464.17,465.49 1 1
github.com/britannic/blacklist/internal/edgeos/content.go:465.49,469.5 3 1
github.com/britannic/blacklist/internal/edgeos/content.go:473.17,475.3 1 1
github.com/britannic/blacklist/internal/edgeos/content.go:481.51,482.25 1 1
github.com/britannic/blacklist/internal/edgeos/content.go:482.25,483.21 1 1
github.com/britannic/blacklist/internal/edgeos/content.go:483.21,485.4 1 1
github.com/britannic/blacklist/internal/edgeos/content.go:490.51,491.25 1 1
github.com/britannic/blacklist/internal/edgeos/content.go:491.25,492.21 1 1
github.com/britannic/blacklist/internal/edgeos/content.go:492.21,494.4 1 1
github.com/britannic/blacklist/internal/edgeos/content.go:499.51,500.25 1 1
github.com/britannic/blacklist/internal/edgeos/content.go:500.25,501.21 1 1
github.com/britannic/blacklist/internal/edgeos/content.go:501.21,503.4 1 1
github.com/britannic/blacklist/internal/edgeos/content.go:508.51,509.25 1 1
github.com/britannic/blacklist/internal/edgeos/content.go:509.25,510.21 1 1
github.com/britannic/blacklist/internal/edgeos/content.go:510.21,512.4 1 1
github.com/britannic/blacklist/internal/edgeos/content.go:517.51,518.25 1 1
github.com/britannic/blacklist/internal/edgeos/content.go:518.25,519.21 1 1
github.com/britannic/blacklist/internal/edgeos/content.go:519.21,521.4 1 1
github.com/britannic/blacklist/internal/edgeos/content.go:526.51,527.25 1 1
github.com/britannic/blacklist/internal/edgeos/content.go:527.25,528.21 1 1
github.com/britannic/blacklist/internal/edgeos/content.go:528.21,530.4 1 1
github.com/britannic/blacklist/internal/edgeos/content.go:535.51,536.25 1 1
github.com/britannic/blacklist/internal/edgeos/content.go:536.25,537.21 1 1
github.com/britannic/blacklist/internal/edgeos/content.go:537.21,539.4 1 1
github.com/britannic/blacklist/internal/edgeos/content.go:544.51,545.25 1 1
github.com/britannic/blacklist/internal/edgeos/content.go:545.25,546.21 1 1
github.com/britannic/blacklist/internal/edgeos/content.go:546.21,548.4 1 1
github.com/britannic/blacklist/internal/edgeos/content.go:552.42,552.71 1 1
github.com/britannic/blacklist/internal/edgeos/content.go:553.42,553.71 1 1
github.com/britannic/blacklist/internal/edgeos/content.go:554.42,554.71 1 1
github.com/britannic/blacklist/internal/edgeos/content.go:555.42,555.71 1 1
github.com/britannic/blacklist/internal/edgeos/content.go:556.42,556.71 1 1
github.com/britannic/blacklist/internal/edgeos/content.go:557.42,557.71 1 1
github.com/britannic/blacklist/internal/edgeos/content.go:558.42,558.71 1 1
github.com/britannic/blacklist/internal/edgeos/content.go:559.42,559.71 1 1
github.com/britannic/blacklist/internal/edgeos/content.go:561.36,562.11 1 1
github.com/britannic/blacklist/internal/edgeos/content.go:580.2,580.10 1 1
github.com/britannic/blacklist/internal/edgeos/content.go:563.15,564.15 1 1
github.com/britannic/blacklist/internal/edgeos/content.go:565.15,566.15 1 1
github.com/britannic/blacklist/internal/edgeos/content.go:567.15,568.15 1 1
github.com/britannic/blacklist/internal/edgeos/content.go:569.15,570.12 1 1
github.com/britannic/blacklist/internal/edgeos/content.go:571.15,572.15 1 1
github.com/britannic/blacklist/internal/edgeos/content.go:573.15,574.15 1 1
github.com/britannic/blacklist/internal/edgeos/content.go:575.24,576.11 1 1
github.com/britannic/blacklist/internal/edgeos/content.go:577.10,578.15 1 1
github.com/britannic/blacklist/internal/edgeos/content.go:584.35,585.17 1 1
github.com/britannic/blacklist/internal/edgeos/content.go:589.2,590.16 2 1
github.com/britannic/blacklist/internal/edgeos/content.go:594.2,596.12 3 1
github.com/britannic/blacklist/internal/edgeos/content.go:585.17,587.3 1 1
github.com/britannic/blacklist/internal/edgeos/content.go:590.16,592.3 1 1
github.com/britannic/blacklist/internal/edgeos/data.go:31.31,32.7 1 1
github.com/britannic/blacklist/internal/edgeos/data.go:35.2,35.14 1 1
github.com/britannic/blacklist/internal/edgeos/data.go:32.7,34.3 1 1
github.com/britannic/blacklist/internal/edgeos/data.go:39.55,41.9 2 1
github.com/britannic/blacklist/internal/edgeos/data.go:48.2,49.29 2 1
github.com/britannic/blacklist/internal/edgeos/data.go:53.2,53.28 1 1
github.com/britannic/blacklist/internal/edgeos/data.go:59.2,60.13 2 1
github.com/britannic/blacklist/internal/edgeos/data.go:42.41,43.27 1 1
github.com/britannic/blacklist/internal/edgeos/data.go:44.23,45.27 1 1
github.com/britannic/blacklist/internal/edgeos/data.go:49.29,51.3 1 1
github.com/britannic/blacklist/internal/edgeos/data.go:53.28,54.33 1 1
github.com/britannic/blacklist/internal/edgeos/data.go:54.33,56.4 1 1
github.com/britannic/blacklist/internal/edgeos/data.go:64.49,68.25 3 1
github.com/britannic/blacklist/internal/edgeos/data.go:72.2,74.51 3 1
github.com/britannic/blacklist/internal/edgeos/data.go:68.25,70.3 1 1
github.com/britannic/blacklist/internal/edgeos/data.go:78.41,79.17 1 1
github.com/britannic/blacklist/internal/edgeos/data.go:85.2,85.37 1 1
github.com/britannic/blacklist/internal/edgeos/data.go:80.27,81.38 1 1
github.com/britannic/blacklist/internal/edgeos/data.go:82.33,83.30 1 1
github.com/britannic/blacklist/internal/edgeos/data.go:89.48,90.19 1 1
github.com/britannic/blacklist/internal/edgeos/data.go:96.2,96.12 1 1
github.com/britannic/blacklist/internal/edgeos/data.go:91.13,92.28 1 1
github.com/britannic/blacklist/internal/edgeos/data.go:93.14,94.29 1 1
github.com/britannic/blacklist/internal/edgeos/data.go:100.29,102.2 1 1
github.com/britannic/blacklist/internal/edgeos/data.go:105.28,108.2 2 1
github.com/britannic/blacklist/internal/edgeos/data.go:111.31,113.2 1 1
github.com/britannic/blacklist/internal/edgeos/data.go:115.34,116.11 1 1
github.com/britannic/blacklist/internal/edgeos/data.go:136.2,136.10 1 1
github.com/britannic/blacklist/internal/edgeos/data.go:117.12,118.14 1 1
github.com/britannic/blacklist/internal/edgeos/data.go:119.15,120.15 1 1
github.com/britannic/blacklist/internal/edgeos/data.go:121.15,122.15 1 1
github.com/britannic/blacklist/internal/edgeos/data.go:123.15,124.15 1 1
github.com/britannic/blacklist/internal/edgeos/data.go:125.12,126.12 1 1
github.com/britannic/blacklist/internal/edgeos/data.go:127.15,128.15 1 1
github.com/britannic/blacklist/internal/edgeos/data.go:129.15,130.15 1 1
github.com/britannic/blacklist/internal/edgeos/data.go:131.12,132.15 1 1
github.com/britannic/blacklist/internal/edgeos/data.go:133.15,134.15 1 1
github.com/britannic/blacklist/internal/edgeos/data.go:139.34,140.11 1 1
github.com/britannic/blacklist/internal/edgeos/data.go:160.2,160.10 1 1
github.com/britannic/blacklist/internal/edgeos/data.go:141.15,142.11 1 1
github.com/britannic/blacklist/internal/edgeos/data.go:143.16,144.14 1 1
github.com/britannic/blacklist/internal/edgeos/data.go:145.16,146.14 1 1
github.com/britannic/blacklist/internal/edgeos/data.go:147.16,148.14 1 1
github.com/britannic/blacklist/internal/edgeos/data.go:149.13,150.11 1 1
github.com/britannic/blacklist/internal/edgeos/data.go:151.16,152.14 1 1
github.com/britannic/blacklist/internal/edgeos/data.go:153.16,154.14 1 1
github.com/britannic/blacklist/internal/edgeos/data.go:155.16,156.14 1 1
github.com/britannic/blacklist/internal/edgeos/data.go:157.16,158.11 1 1
github.com/britannic/blacklist/internal/edgeos/http.go:12.33,20.66 2 1
github.com/britannic/blacklist/internal/edgeos/http.go:27.2,30.54 3 1
github.com/britannic/blacklist/internal/edgeos/http.go:37.2,40.20 3 1
github.com/britannic/blacklist/internal/edgeos/http.go:47.2,49.10 2 1
github.com/britannic/blacklist/internal/edgeos/http.go:20.66,25.3 4 1
github.com/britannic/blacklist/internal/edgeos/http.go:30.54,35.3 4 1
github.com/britannic/blacklist/internal/edgeos/http.go:40.20,45.3 4 1
github.com/britannic/blacklist/internal/edgeos/object.go:35.50,39.2 3 1
github.com/britannic/blacklist/internal/edgeos/object.go:41.32,42.35 1 1
github.com/britannic/blacklist/internal/edgeos/object.go:46.2,46.14 1 1
github.com/britannic/blacklist/internal/edgeos/object.go:43.25,44.17 1 1
github.com/britannic/blacklist/internal/edgeos/object.go:50.39,53.2 2 1
github.com/britannic/blacklist/internal/edgeos/object.go:55.58,56.17 1 1
github.com/britannic/blacklist/internal/edgeos/object.go:64.2,64.10 1 1
github.com/britannic/blacklist/internal/edgeos/object.go:57.33,58.43 1 1
github.com/britannic/blacklist/internal/edgeos/object.go:59.24,60.41 1 1
github.com/britannic/blacklist/internal/edgeos/object.go:61.10,62.52 1 1
github.com/britannic/blacklist/internal/edgeos/object.go:68.34,71.17 2 1
github.com/britannic/blacklist/internal/edgeos/object.go:79.2,79.11 1 1
github.com/britannic/blacklist/internal/edgeos/object.go:71.17,72.28 1 1
github.com/britannic/blacklist/internal/edgeos/object.go:77.3,77.24 1 1
github.com/britannic/blacklist/internal/edgeos/object.go:72.28,76.4 3 1
github.com/britannic/blacklist/internal/edgeos/object.go:83.49,86.15 2 1
github.com/britannic/blacklist/internal/edgeos/object.go:102.2,102.17 1 1
github.com/britannic/blacklist/internal/edgeos/object.go:87.13,88.28 1 1
github.com/britannic/blacklist/internal/edgeos/object.go:93.12,94.28 1 1
github.com/britannic/blacklist/internal/edgeos/object.go:99.10,100.36 1 1
github.com/britannic/blacklist/internal/edgeos/object.go:88.28,89.44 1 1
github.com/britannic/blacklist/internal/edgeos/object.go:89.44,91.5 1 1
github.com/britannic/blacklist/internal/edgeos/object.go:94.28,95.42 1 1
github.com/britannic/blacklist/internal/edgeos/object.go:95.42,97.5 1 1
github.com/britannic/blacklist/internal/edgeos/object.go:106.41,107.27 1 1
github.com/britannic/blacklist/internal/edgeos/object.go:112.2,112.11 1 1
github.com/britannic/blacklist/internal/edgeos/object.go:107.27,108.23 1 1
github.com/britannic/blacklist/internal/edgeos/object.go:108.23,110.4 1 1
github.com/britannic/blacklist/internal/edgeos/object.go:115.36,116.11 1 1
github.com/britannic/blacklist/internal/edgeos/object.go:117.16,118.42 1 1
github.com/britannic/blacklist/internal/edgeos/object.go:119.16,120.40 1 1
github.com/britannic/blacklist/internal/edgeos/object.go:121.16,122.49 1 1
github.com/britannic/blacklist/internal/edgeos/object.go:123.16,124.42 1 1
github.com/britannic/blacklist/internal/edgeos/object.go:125.16,126.40 1 1
github.com/britannic/blacklist/internal/edgeos/object.go:127.10,128.25 1 1
github.com/britannic/blacklist/internal/edgeos/object.go:133.39,136.2 2 1
github.com/britannic/blacklist/internal/edgeos/object.go:138.69,144.16 2 1
github.com/britannic/blacklist/internal/edgeos/object.go:145.11,146.20 1 1
github.com/britannic/blacklist/internal/edgeos/object.go:147.10,148.32 1 1
github.com/britannic/blacklist/internal/edgeos/object.go:148.32,149.17 1 1
github.com/britannic/blacklist/internal/edgeos/object.go:150.18,151.36 1 1
github.com/britannic/blacklist/internal/edgeos/object.go:155.18,156.34 1 1
github.com/britannic/blacklist/internal/edgeos/object.go:160.12,162.24 2 1
github.com/britannic/blacklist/internal/edgeos/object.go:151.36,154.6 2 1
github.com/britannic/blacklist/internal/edgeos/object.go:156.34,159.6 2 1
github.com/britannic/blacklist/internal/edgeos/object.go:162.24,163.31 1 1
github.com/britannic/blacklist/internal/edgeos/object.go:163.31,165.7 1 1
github.com/britannic/blacklist/internal/edgeos/object.go:173.48,174.27 1 1
github.com/britannic/blacklist/internal/edgeos/object.go:177.2,178.10 2 1
github.com/britannic/blacklist/internal/edgeos/object.go:174.27,176.3 1 1
github.com/britannic/blacklist/internal/edgeos/object.go:181.26,187.2 1 1
github.com/britannic/blacklist/internal/edgeos/object.go:190.34,202.2 11 1
github.com/britannic/blacklist/internal/edgeos/object.go:205.35,207.2 1 1
github.com/britannic/blacklist/internal/edgeos/object.go:210.39,210.59 1 1
github.com/britannic/blacklist/internal/edgeos/object.go:211.39,211.77 1 1
github.com/britannic/blacklist/internal/edgeos/object.go:212.39,212.78 1 1
github.com/britannic/blacklist/internal/edgeos/io.go:25.42,26.15 1 1
github.com/britannic/blacklist/internal/edgeos/io.go:55.2,55.10 1 1
github.com/britannic/blacklist/internal/edgeos/io.go:27.12,28.12 1 1
github.com/britannic/blacklist/internal/edgeos/io.go:41.10,42.12 1 1
github.com/britannic/blacklist/internal/edgeos/io.go:29.17,30.22 1 1
github.com/britannic/blacklist/internal/edgeos/io.go:31.20,32.25 1 1
github.com/britannic/blacklist/internal/edgeos/io.go:33.22,34.27 1 1
github.com/britannic/blacklist/internal/edgeos/io.go:35.23,36.28 1 1
github.com/britannic/blacklist/internal/edgeos/io.go:37.18,38.20 1 1
github.com/britannic/blacklist/internal/edgeos/io.go:43.23,44.16 1 1
github.com/britannic/blacklist/internal/edgeos/io.go:45.26,46.19 1 1
github.com/britannic/blacklist/internal/edgeos/io.go:47.28,48.21 1 1
github.com/britannic/blacklist/internal/edgeos/io.go:49.29,50.22 1 1
github.com/britannic/blacklist/internal/edgeos/io.go:51.21,52.17 1 1
github.com/britannic/blacklist/internal/edgeos/io.go:59.42,82.2 2 1
github.com/britannic/blacklist/internal/edgeos/io.go:85.32,86.37 1 1
github.com/britannic/blacklist/internal/edgeos/io.go:89.2,89.13 1 1
github.com/britannic/blacklist/internal/edgeos/io.go:86.37,88.3 1 1
github.com/britannic/blacklist/internal/edgeos/io.go:93.43,95.2 1 1
github.com/britannic/blacklist/internal/edgeos/io.go:106.39,108.26 2 1
github.com/britannic/blacklist/internal/edgeos/io.go:116.2,116.17 1 1
github.com/britannic/blacklist/internal/edgeos/io.go:119.2,119.12 1 1
github.com/britannic/blacklist/internal/edgeos/io.go:108.26,109.48 1 1
github.com/britannic/blacklist/internal/edgeos/io.go:109.48,110.22 1 1
github.com/britannic/blacklist/internal/edgeos/io.go:110.22,112.5 1 1
github.com/britannic/blacklist/internal/edgeos/io.go:116.17,118.3 1 1
github.com/britannic/blacklist/internal/edgeos/io.go:123.35,125.16 2 1
github.com/britannic/blacklist/internal/edgeos/io.go:128.2,128.27 1 1
github.com/britannic/blacklist/internal/edgeos/io.go:125.16,127.3 1 1
github.com/britannic/blacklist/internal/edgeos/io.go:132.38,134.2 1 1
github.com/britannic/blacklist/internal/edgeos/json.go:19.29,20.12 1 1
github.com/britannic/blacklist/internal/edgeos/json.go:23.2,23.20 1 1
github.com/britannic/blacklist/internal/edgeos/json.go:26.2,26.10 1 1
github.com/britannic/blacklist/internal/edgeos/json.go:20.12,22.3 1 1
github.com/britannic/blacklist/internal/edgeos/json.go:23.20,25.3 1 1
github.com/britannic/blacklist/internal/edgeos/json.go:29.43,36.9 6 1
github.com/britannic/blacklist/internal/edgeos/json.go:50.2,50.13 1 1
github.com/britannic/blacklist/internal/edgeos/json.go:66.2,66.11 1 1
github.com/britannic/blacklist/internal/edgeos/json.go:37.36,39.12 2 1
github.com/britannic/blacklist/internal/edgeos/json.go:41.16,43.9 2 1
github.com/britannic/blacklist/internal/edgeos/json.go:45.15,47.7 2 1
github.com/britannic/blacklist/internal/edgeos/json.go:50.13,51.29 1 1
github.com/britannic/blacklist/internal/edgeos/json.go:58.3,59.23 2 1
github.com/britannic/blacklist/internal/edgeos/json.go:63.3,63.45 1 1
github.com/britannic/blacklist/internal/edgeos/json.go:51.29,52.18 1 1
github.com/britannic/blacklist/internal/edgeos/json.go:55.4,55.55 1 1
github.com/britannic/blacklist/internal/edgeos/json.go:52.18,54.5 1 1
github.com/britannic/blacklist/internal/edgeos/json.go:59.23,61.4 1 1
github.com/britannic/blacklist/internal/edgeos/json.go:69.46,70.13 1 1
github.com/britannic/blacklist/internal/edgeos/json.go:74.2,74.11 1 1
github.com/britannic/blacklist/internal/edgeos/json.go:70.13,73.3 2 1
github.com/britannic/blacklist/internal/edgeos/json.go:77.41,87.14 2 1
github.com/britannic/blacklist/internal/edgeos/json.go:92.2,94.43 2 1
github.com/britannic/blacklist/internal/edgeos/json.go:113.2,115.11 3 1
github.com/britannic/blacklist/internal/edgeos/json.go:87.14,90.3 2 1
github.com/britannic/blacklist/internal/edgeos/json.go:94.43,97.17 2 1
github.com/britannic/blacklist/internal/edgeos/json.go:101.3,110.52 10 1
github.com/britannic/blacklist/internal/edgeos/json.go:97.17,99.4 1 1
github.com/britannic/blacklist/internal/edgeos/list.go:20.40,25.2 4 1
github.com/britannic/blacklist/internal/edgeos/list.go:28.32,32.28 3 1
github.com/britannic/blacklist/internal/edgeos/list.go:36.2,38.10 3 1
github.com/britannic/blacklist/internal/edgeos/list.go:32.28,34.3 1 1
github.com/britannic/blacklist/internal/edgeos/list.go:42.36,46.2 3 1
github.com/britannic/blacklist/internal/edgeos/list.go:48.31,50.28 2 1
github.com/britannic/blacklist/internal/edgeos/list.go:53.2,54.32 2 1
github.com/britannic/blacklist/internal/edgeos/list.go:50.28,52.3 1 1
github.com/britannic/blacklist/internal/edgeos/list.go:58.43,59.48 1 1
github.com/britannic/blacklist/internal/edgeos/list.go:64.2,64.23 1 1
github.com/britannic/blacklist/internal/edgeos/list.go:59.48,60.29 1 1
github.com/britannic/blacklist/internal/edgeos/list.go:60.29,62.4 1 0
github.com/britannic/blacklist/internal/edgeos/list.go:68.42,70.25 2 1
github.com/britannic/blacklist/internal/edgeos/list.go:73.2,73.10 1 1
github.com/britannic/blacklist/internal/edgeos/list.go:70.25,72.3 1 1
github.com/britannic/blacklist/internal/edgeos/ntype_string.go:11.32,12.46 1 1
github.com/britannic/blacklist/internal/edgeos/ntype_string.go:15.2,15.55 1 1
github.com/britannic/blacklist/internal/edgeos/ntype_string.go:12.46,14.3 1 1
github.com/britannic/blacklist/internal/edgeos/opts.go:57.41,58.12 1 1
github.com/britannic/blacklist/internal/edgeos/opts.go:58.12,60.3 1 1
github.com/britannic/blacklist/internal/edgeos/opts.go:64.48,66.27 1 1
github.com/britannic/blacklist/internal/edgeos/opts.go:70.2,70.54 1 1
github.com/britannic/blacklist/internal/edgeos/opts.go:74.2,74.32 1 1
github.com/britannic/blacklist/internal/edgeos/opts.go:66.27,68.3 1 1
github.com/britannic/blacklist/internal/edgeos/opts.go:70.54,72.3 1 1
github.com/britannic/blacklist/internal/edgeos/opts.go:74.32,76.3 1 1
github.com/britannic/blacklist/internal/edgeos/opts.go:80.31,81.32 1 1
github.com/britannic/blacklist/internal/edgeos/opts.go:81.32,85.3 3 1
github.com/britannic/blacklist/internal/edgeos/opts.go:89.27,90.32 1 1
github.com/britannic/blacklist/internal/edgeos/opts.go:90.32,94.3 3 1
github.com/britannic/blacklist/internal/edgeos/opts.go:98.30,99.32 1 1
github.com/britannic/blacklist/internal/edgeos/opts.go:99.32,103.3 3 1
github.com/britannic/blacklist/internal/edgeos/opts.go:107.26,108.32 1 1
github.com/britannic/blacklist/internal/edgeos/opts.go:108.32,113.3 4 1
github.com/britannic/blacklist/internal/edgeos/opts.go:117.30,118.32 1 1
github.com/britannic/blacklist/internal/edgeos/opts.go:118.32,122.3 3 1
github.com/britannic/blacklist/internal/edgeos/opts.go:126.26,127.32 1 1
github.com/britannic/blacklist/internal/edgeos/opts.go:127.32,131.3 3 1
github.com/britannic/blacklist/internal/edgeos/opts.go:135.27,136.32 1 1
github.com/britannic/blacklist/internal/edgeos/opts.go:136.32,140.3 3 1
github.com/britannic/blacklist/internal/edgeos/opts.go:144.30,145.32 1 1
github.com/britannic/blacklist/internal/edgeos/opts.go:145.32,149.3 3 1
github.com/britannic/blacklist/internal/edgeos/opts.go:153.27,154.32 1 1
github.com/britannic/blacklist/internal/edgeos/opts.go:154.32,158.3 3 1
github.com/britannic/blacklist/internal/edgeos/opts.go:162.28,163.32 1 1
github.com/britannic/blacklist/internal/edgeos/opts.go:163.32,167.3 3 1
github.com/britannic/blacklist/internal/edgeos/opts.go:171.35,172.32 1 1
github.com/britannic/blacklist/internal/edgeos/opts.go:172.32,176.3 3 1
github.com/britannic/blacklist/internal/edgeos/opts.go:180.30,181.32 1 1
github.com/britannic/blacklist/internal/edgeos/opts.go:181.32,185.3 3 1
github.com/britannic/blacklist/internal/edgeos/opts.go:189.29,190.32 1 1
github.com/britannic/blacklist/internal/edgeos/opts.go:190.32,194.3 3 1
github.com/britannic/blacklist/internal/edgeos/opts.go:198.39,199.32 1 1
github.com/britannic/blacklist/internal/edgeos/opts.go:199.32,203.3 3 1
github.com/britannic/blacklist/internal/edgeos/opts.go:207.35,208.32 1 1
github.com/britannic/blacklist/internal/edgeos/opts.go:208.32,212.3 3 1
github.com/britannic/blacklist/internal/edgeos/opts.go:216.40,225.27 2 1
github.com/britannic/blacklist/internal/edgeos/opts.go:228.2,228.11 1 1
github.com/britannic/blacklist/internal/edgeos/opts.go:225.27,227.3 1 1
github.com/britannic/blacklist/internal/edgeos/opts.go:232.40,233.32 1 1
github.com/britannic/blacklist/internal/edgeos/opts.go:233.32,238.3 4 1
github.com/britannic/blacklist/internal/edgeos/opts.go:242.33,245.2 2 1
github.com/britannic/blacklist/internal/edgeos/opts.go:248.26,249.32 1 1
github.com/britannic/blacklist/internal/edgeos/opts.go:249.32,253.3 3 1
github.com/britannic/blacklist/internal/edgeos/opts.go:257.38,258.32 1 1
github.com/britannic/blacklist/internal/edgeos/opts.go:258.32,262.3 3 1
github.com/britannic/blacklist/internal/edgeos/opts.go:266.26,267.32 1 1
github.com/britannic/blacklist/internal/edgeos/opts.go:267.32,271.3 3 1
github.com/britannic/blacklist/internal/edgeos/opts.go:275.31,276.32 1 1
github.com/britannic/blacklist/internal/edgeos/opts.go:276.32,280.3 3 1
github.com/britannic/blacklist/internal/edgeos/opts.go:284.33,285.32 1 1
github.com/britannic/blacklist/internal/edgeos/opts.go:285.32,289.3 3 1
